Spark Command: /usr/lib/jvm/java-8-openjdk-amd64/jre/bin/java -cp /opt/spark-2.3.4-bin-hadoop2.7/conf/:/opt/spark-2.3.4-bin-hadoop2.7/jars/* -Xmx1g org.apache.spark.deploy.worker.Worker --webui-port 8081 spark://f3ea0932f20dce64aca97a78a26811ccbce1bf89-66875694c4-jxdht:7077
========================================
2023-06-25 06:12:25 INFO  Worker:2612 - Started daemon with process name: 163@f3ea0932f20dce64aca97a78a26811ccbce1bf89-66875694c4-jxdht
2023-06-25 06:12:25 INFO  SignalUtils:54 - Registered signal handler for TERM
2023-06-25 06:12:26 INFO  SignalUtils:54 - Registered signal handler for HUP
2023-06-25 06:12:26 INFO  SignalUtils:54 - Registered signal handler for INT
2023-06-25 06:12:26 WARN  NativeCodeLoader:62 - Unable to load native-hadoop library for your platform... using builtin-java classes where applicable
2023-06-25 06:12:26 INFO  SecurityManager:54 - Changing view acls to: root
2023-06-25 06:12:26 INFO  SecurityManager:54 - Changing modify acls to: root
2023-06-25 06:12:26 INFO  SecurityManager:54 - Changing view acls groups to: 
2023-06-25 06:12:26 INFO  SecurityManager:54 - Changing modify acls groups to: 
2023-06-25 06:12:26 INFO  SecurityManager:54 - SecurityManager: authentication disabled; ui acls disabled; users  with view permissions: Set(root); groups with view permissions: Set(); users  with modify permissions: Set(root); groups with modify permissions: Set()
2023-06-25 06:12:27 INFO  Utils:54 - Successfully started service 'sparkWorker' on port 17028.
2023-06-25 06:12:27 INFO  Worker:54 - Starting Spark worker 10.56.18.136:17028 with 16 cores, 13.0 GB RAM
2023-06-25 06:12:27 INFO  Worker:54 - Running Spark version 2.3.4
2023-06-25 06:12:27 INFO  Worker:54 - Spark home: /opt/spark-2.3.4-bin-hadoop2.7
2023-06-25 06:12:27 INFO  log:192 - Logging initialized @2087ms
2023-06-25 06:12:27 INFO  Server:351 - jetty-9.3.z-SNAPSHOT, build timestamp: unknown, git hash: unknown
2023-06-25 06:12:27 INFO  Server:419 - Started @2157ms
2023-06-25 06:12:27 INFO  AbstractConnector:278 - Started ServerConnector@ade996a{HTTP/1.1,[http/1.1]}{0.0.0.0:8081}
2023-06-25 06:12:27 INFO  Utils:54 - Successfully started service 'WorkerUI' on port 8081.
2023-06-25 06:12:27 INFO  ContextHandler:781 - Started o.s.j.s.ServletContextHandler@25c1bc09{/logPage,null,AVAILABLE,@Spark}
2023-06-25 06:12:27 INFO  ContextHandler:781 - Started o.s.j.s.ServletContextHandler@ce015f8{/logPage/json,null,AVAILABLE,@Spark}
2023-06-25 06:12:27 INFO  ContextHandler:781 - Started o.s.j.s.ServletContextHandler@248161dc{/,null,AVAILABLE,@Spark}
2023-06-25 06:12:27 INFO  ContextHandler:781 - Started o.s.j.s.ServletContextHandler@37c7b64b{/json,null,AVAILABLE,@Spark}
2023-06-25 06:12:27 INFO  ContextHandler:781 - Started o.s.j.s.ServletContextHandler@3b042a9e{/static,null,AVAILABLE,@Spark}
2023-06-25 06:12:27 INFO  ContextHandler:781 - Started o.s.j.s.ServletContextHandler@12d17bde{/log,null,AVAILABLE,@Spark}
2023-06-25 06:12:27 INFO  WorkerWebUI:54 - Bound WorkerWebUI to 0.0.0.0, and started at http://f3ea0932f20dce64aca97a78a26811ccbce1bf89-66875694c4-jxdht:8081
2023-06-25 06:12:27 INFO  Worker:54 - Connecting to master f3ea0932f20dce64aca97a78a26811ccbce1bf89-66875694c4-jxdht:7077...
2023-06-25 06:12:27 INFO  ContextHandler:781 - Started o.s.j.s.ServletContextHandler@32bcdb5d{/metrics/json,null,AVAILABLE,@Spark}
2023-06-25 06:12:27 INFO  TransportClientFactory:267 - Successfully created connection to f3ea0932f20dce64aca97a78a26811ccbce1bf89-66875694c4-jxdht/10.56.18.136:7077 after 30 ms (0 ms spent in bootstraps)
2023-06-25 06:12:27 INFO  Worker:54 - Successfully registered with master spark://f3ea0932f20dce64aca97a78a26811ccbce1bf89-66875694c4-jxdht:7077
