Spark Command: /usr/lib/jvm/java-8-openjdk-amd64/jre/bin/java -cp /opt/spark-2.3.4-bin-hadoop2.7/conf/:/opt/spark-2.3.4-bin-hadoop2.7/jars/* -Xmx1g org.apache.spark.deploy.master.Master --host f3ea0932f20dce64aca97a78a26811ccbce1bf89-66875694c4-jxdht --port 7077 --webui-port 8080
========================================
2023-06-25 06:09:55 INFO  Master:2612 - Started daemon with process name: 39@f3ea0932f20dce64aca97a78a26811ccbce1bf89-66875694c4-jxdht
2023-06-25 06:09:55 INFO  SignalUtils:54 - Registered signal handler for TERM
2023-06-25 06:09:55 INFO  SignalUtils:54 - Registered signal handler for HUP
2023-06-25 06:09:55 INFO  SignalUtils:54 - Registered signal handler for INT
2023-06-25 06:09:55 WARN  NativeCodeLoader:62 - Unable to load native-hadoop library for your platform... using builtin-java classes where applicable
2023-06-25 06:09:55 INFO  SecurityManager:54 - Changing view acls to: root
2023-06-25 06:09:55 INFO  SecurityManager:54 - Changing modify acls to: root
2023-06-25 06:09:55 INFO  SecurityManager:54 - Changing view acls groups to: 
2023-06-25 06:09:55 INFO  SecurityManager:54 - Changing modify acls groups to: 
2023-06-25 06:09:55 INFO  SecurityManager:54 - SecurityManager: authentication disabled; ui acls disabled; users  with view permissions: Set(root); groups with view permissions: Set(); users  with modify permissions: Set(root); groups with modify permissions: Set()
2023-06-25 06:09:56 INFO  Utils:54 - Successfully started service 'sparkMaster' on port 7077.
2023-06-25 06:09:56 INFO  Master:54 - Starting Spark master at spark://f3ea0932f20dce64aca97a78a26811ccbce1bf89-66875694c4-jxdht:7077
2023-06-25 06:09:56 INFO  Master:54 - Running Spark version 2.3.4
2023-06-25 06:09:56 INFO  log:192 - Logging initialized @1848ms
2023-06-25 06:09:56 INFO  Server:351 - jetty-9.3.z-SNAPSHOT, build timestamp: unknown, git hash: unknown
2023-06-25 06:09:56 INFO  Server:419 - Started @1927ms
2023-06-25 06:09:56 INFO  AbstractConnector:278 - Started ServerConnector@4eb2fcd0{HTTP/1.1,[http/1.1]}{0.0.0.0:8080}
2023-06-25 06:09:56 INFO  Utils:54 - Successfully started service 'MasterUI' on port 8080.
2023-06-25 06:09:56 INFO  ContextHandler:781 - Started o.s.j.s.ServletContextHandler@4aa6b818{/app,null,AVAILABLE,@Spark}
2023-06-25 06:09:56 INFO  ContextHandler:781 - Started o.s.j.s.ServletContextHandler@781ebbca{/app/json,null,AVAILABLE,@Spark}
2023-06-25 06:09:56 INFO  ContextHandler:781 - Started o.s.j.s.ServletContextHandler@7d00596{/,null,AVAILABLE,@Spark}
2023-06-25 06:09:56 INFO  ContextHandler:781 - Started o.s.j.s.ServletContextHandler@4cd1c338{/json,null,AVAILABLE,@Spark}
2023-06-25 06:09:56 INFO  ContextHandler:781 - Started o.s.j.s.ServletContextHandler@419cf183{/static,null,AVAILABLE,@Spark}
2023-06-25 06:09:56 INFO  ContextHandler:781 - Started o.s.j.s.ServletContextHandler@196282e0{/app/kill,null,AVAILABLE,@Spark}
2023-06-25 06:09:56 INFO  ContextHandler:781 - Started o.s.j.s.ServletContextHandler@28bd633b{/driver/kill,null,AVAILABLE,@Spark}
2023-06-25 06:09:56 INFO  MasterWebUI:54 - Bound MasterWebUI to 0.0.0.0, and started at http://f3ea0932f20dce64aca97a78a26811ccbce1bf89-66875694c4-jxdht:8080
2023-06-25 06:09:56 INFO  Server:351 - jetty-9.3.z-SNAPSHOT, build timestamp: unknown, git hash: unknown
2023-06-25 06:09:56 INFO  ContextHandler:781 - Started o.s.j.s.ServletContextHandler@4a86a1f4{/,null,AVAILABLE}
2023-06-25 06:09:56 INFO  AbstractConnector:278 - Started ServerConnector@4491e5cb{HTTP/1.1,[http/1.1]}{f3ea0932f20dce64aca97a78a26811ccbce1bf89-66875694c4-jxdht:6066}
2023-06-25 06:09:56 INFO  Server:419 - Started @2110ms
2023-06-25 06:09:56 INFO  Utils:54 - Successfully started service on port 6066.
2023-06-25 06:09:56 INFO  StandaloneRestServer:54 - Started REST server for submitting applications on port 6066
2023-06-25 06:09:56 INFO  ContextHandler:781 - Started o.s.j.s.ServletContextHandler@4fafe526{/metrics/master/json,null,AVAILABLE,@Spark}
2023-06-25 06:09:56 INFO  ContextHandler:781 - Started o.s.j.s.ServletContextHandler@1dd3c0ff{/metrics/applications/json,null,AVAILABLE,@Spark}
2023-06-25 06:09:56 INFO  Master:54 - I have been elected leader! New state: ALIVE
2023-06-25 06:12:27 INFO  Master:54 - Registering worker 10.56.18.136:17028 with 16 cores, 13.0 GB RAM
